<?xml version="1.0" encoding="UTF-8"?>
<!-- Generated by org.testng.reporters.JUnitXMLReporter -->
<testsuite ignored="0" hostname="DESKTOP-IF21TMU" failures="0" tests="1" name="Test" time="20.31" errors="0" timestamp="2021-01-07T21:03:46 IST">
  <testcase classname="com.actitime.generics.BaseClass" name="@BeforeMethod login" time="0.009">
    <failure type="java.lang.NullPointerException" message="Cannot invoke &amp;quot;com.actitime.generics.FileLib.getPropertyValue(String)&amp;quot; because &amp;quot;com.actitime.generics.BaseClass.f&amp;quot; is null">
      <![CDATA[java.lang.NullPointerException: Cannot invoke "com.actitime.generics.FileLib.getPropertyValue(String)" because "com.actitime.generics.BaseClass.f" is null
at com.actitime.generics.BaseClass.login(BaseClass.java:48)
at java.base/java.util.ArrayList.forEach(ArrayList.java:1511)
... Removed 31 stack frames]]>
    </failure>
  </testcase> <!-- @BeforeMethod login -->
  <testcase classname="com.actitime.generics.BaseClass" name="@AfterMethod logout" time="-1.610033626625E9">
    <skipped/>
  </testcase> <!-- @AfterMethod logout -->
  <testcase classname="com.actitime.generics.BaseClass" name="@AfterClass closeBrowser" time="-1.610033626635E9">
    <skipped/>
  </testcase> <!-- @AfterClass closeBrowser -->
  <testcase classname="com.actitime.testscripts.DemoTest" name="testLoginPage" time="0.0">
    <skipped/>
  </testcase> <!-- testLoginPage -->
</testsuite> <!-- Test -->
